<?xml version="1.0" encoding="UTF-8"?>
<robot generator="Robot 3.2.2 (Python 3.8.6 on win32)" generated="20201029 16:43:12.729" rpa="false">
<suite id="s1" name="Login Tests" source="C:\Users\10648677\PycharmProjects\robot\login_tests">
<suite id="s1-s1" name="Gherkin Login" source="C:\Users\10648677\PycharmProjects\robot\login_tests\gherkin_login.robot">
<test id="s1-s1-t1" name="Valid Login">
<kw name="Given browser is opened to login page">
<kw name="Open browser to login page">
<msg timestamp="20201029 16:43:12.784" level="FAIL">No keyword with name 'Open browser to login page' found.</msg>
<status status="FAIL" starttime="20201029 16:43:12.784" endtime="20201029 16:43:12.784"></status>
</kw>
<status status="FAIL" starttime="20201029 16:43:12.783" endtime="20201029 16:43:12.784"></status>
</kw>
<kw name="Close Browser" type="teardown">
<msg timestamp="20201029 16:43:12.786" level="FAIL">No keyword with name 'Close Browser' found.</msg>
<status status="FAIL" starttime="20201029 16:43:12.786" endtime="20201029 16:43:12.786">No keyword with name 'Close Browser' found.</status>
</kw>
<status status="FAIL" starttime="20201029 16:43:12.783" endtime="20201029 16:43:12.787" critical="yes">No keyword with name 'Open browser to login page' found.

Also teardown failed:
No keyword with name 'Close Browser' found.</status>
</test>
<doc>A test suite with a single Gherkin style test.

This test is functionally identical to the example in
valid_login.robot file.</doc>
<status status="FAIL" starttime="20201029 16:43:12.777" endtime="20201029 16:43:12.788"></status>
</suite>
<suite id="s1-s2" name="Invalid Login" source="C:\Users\10648677\PycharmProjects\robot\login_tests\invalid_login.robot">
<kw name="Open Browser To Login Page" type="setup">
<msg timestamp="20201029 16:43:12.795" level="FAIL">No keyword with name 'Open Browser To Login Page' found.</msg>
<status status="FAIL" starttime="20201029 16:43:12.795" endtime="20201029 16:43:12.795"></status>
</kw>
<test id="s1-s2-t1" name="Invalid Username">
<status status="FAIL" starttime="20201029 16:43:12.795" endtime="20201029 16:43:12.795" critical="yes">Parent suite setup failed:
No keyword with name 'Open Browser To Login Page' found.</status>
</test>
<test id="s1-s2-t2" name="Invalid Password">
<status status="FAIL" starttime="20201029 16:43:12.797" endtime="20201029 16:43:12.798" critical="yes">Parent suite setup failed:
No keyword with name 'Open Browser To Login Page' found.</status>
</test>
<test id="s1-s2-t3" name="Invalid Username And Password">
<status status="FAIL" starttime="20201029 16:43:12.798" endtime="20201029 16:43:12.799" critical="yes">Parent suite setup failed:
No keyword with name 'Open Browser To Login Page' found.</status>
</test>
<test id="s1-s2-t4" name="Empty Username">
<status status="FAIL" starttime="20201029 16:43:12.800" endtime="20201029 16:43:12.801" critical="yes">Parent suite setup failed:
No keyword with name 'Open Browser To Login Page' found.</status>
</test>
<test id="s1-s2-t5" name="Empty Password">
<status status="FAIL" starttime="20201029 16:43:12.801" endtime="20201029 16:43:12.801" critical="yes">Parent suite setup failed:
No keyword with name 'Open Browser To Login Page' found.</status>
</test>
<test id="s1-s2-t6" name="Empty Username And Password">
<status status="FAIL" starttime="20201029 16:43:12.802" endtime="20201029 16:43:12.802" critical="yes">Parent suite setup failed:
No keyword with name 'Open Browser To Login Page' found.</status>
</test>
<kw name="Close Browser" type="teardown">
<msg timestamp="20201029 16:43:12.804" level="FAIL">No keyword with name 'Close Browser' found.</msg>
<status status="FAIL" starttime="20201029 16:43:12.804" endtime="20201029 16:43:12.804">No keyword with name 'Close Browser' found.</status>
</kw>
<doc>A test suite containing tests related to invalid login.

These tests are data-driven by their nature. They use a single
keyword, specified with Test Template setting, that is called
with different arguments to cover different scenarios.

This suite also demonstrates using setups and teardowns in
different levels.</doc>
<status status="FAIL" starttime="20201029 16:43:12.789" endtime="20201029 16:43:12.804">Suite setup failed:
No keyword with name 'Open Browser To Login Page' found.

Also suite teardown failed:
No keyword with name 'Close Browser' found.</status>
</suite>
<suite id="s1-s3" name="Valid Login" source="C:\Users\10648677\PycharmProjects\robot\login_tests\valid_login.robot">
<test id="s1-s3-t1" name="Valid Login">
<kw name="Open Browser To Login Page">
<msg timestamp="20201029 16:43:12.813" level="FAIL">No keyword with name 'Open Browser To Login Page' found.</msg>
<status status="FAIL" starttime="20201029 16:43:12.813" endtime="20201029 16:43:12.813"></status>
</kw>
<kw name="Close Browser" type="teardown">
<msg timestamp="20201029 16:43:12.814" level="FAIL">No keyword with name 'Close Browser' found.</msg>
<status status="FAIL" starttime="20201029 16:43:12.814" endtime="20201029 16:43:12.814">No keyword with name 'Close Browser' found.</status>
</kw>
<status status="FAIL" starttime="20201029 16:43:12.811" endtime="20201029 16:43:12.815" critical="yes">No keyword with name 'Open Browser To Login Page' found.

Also teardown failed:
No keyword with name 'Close Browser' found.</status>
</test>
<doc>A test suite with a single test for valid login.

This test has a workflow that is created using keywords in
the imported resource file.</doc>
<status status="FAIL" starttime="20201029 16:43:12.805" endtime="20201029 16:43:12.816"></status>
</suite>
<status status="FAIL" starttime="20201029 16:43:12.738" endtime="20201029 16:43:12.816"></status>
</suite>
<statistics>
<total>
<stat pass="0" fail="8">Critical Tests</stat>
<stat pass="0" fail="8">All Tests</stat>
</total>
<tag>
</tag>
<suite>
<stat pass="0" fail="8" id="s1" name="Login Tests">Login Tests</stat>
<stat pass="0" fail="1" id="s1-s1" name="Gherkin Login">Login Tests.Gherkin Login</stat>
<stat pass="0" fail="6" id="s1-s2" name="Invalid Login">Login Tests.Invalid Login</stat>
<stat pass="0" fail="1" id="s1-s3" name="Valid Login">Login Tests.Valid Login</stat>
</suite>
</statistics>
<errors>
<msg timestamp="20201029 16:43:12.780" level="ERROR">Error in file 'C:\Users\10648677\PycharmProjects\robot\login_tests\gherkin_login.robot' on line 6: Resource file 'resource.robot' does not exist.</msg>
<msg timestamp="20201029 16:43:12.791" level="ERROR">Error in file 'C:\Users\10648677\PycharmProjects\robot\login_tests\invalid_login.robot' on line 14: Resource file 'resource.robot' does not exist.</msg>
<msg timestamp="20201029 16:43:12.810" level="ERROR">Error in file 'C:\Users\10648677\PycharmProjects\robot\login_tests\valid_login.robot' on line 6: Resource file 'resource.robot' does not exist.</msg>
</errors>
</robot>
